<?xml version="1.0" encoding="UTF-8"?>
<testsuite name="MusicAdvisorTest" tests="1" skipped="0" failures="0" errors="0" timestamp="2023-10-10T12:52:22" hostname="Suzannahs-iMac" time="5.78">
  <properties/>
  <testcase name="start" classname="MusicAdvisorTest" time="5.78"/>
  <system-out><![CDATA[?[1;31m
Start test 1?[0m
> auth
use this link to request the access code:
https://accounts.spotify.com/authorize?client_id=0beffa8a2eaa4f02994426961addd171&redirect_uri=http://localhost:8080&response_type=code
waiting for code...
?[0;34mTester: making requests to redirect uri: http://localhost:8080
?[0m?[0;34mTester: done request 1: Authorization code not found. Try again.
?[0m?[0;34mTester: done request 2: Authorization code not found. Try again.
?[0m?[0;34mTester: done request 3: Got the code. Return back to your program.
code received
making http request for access_token...
---SUCCESS---
> exit
---GOODBYE!---
?[1;31m
Start test 2?[0m
> auth
use this link to request the access code:
https://accounts.spotify.com/authorize?client_id=0beffa8a2eaa4f02994426961addd171&redirect_uri=http://localhost:8080&response_type=code
waiting for code...
?[0;34mTester: making requests to redirect uri: http://localhost:8080
?[0m?[0;34mTester: done request 1: Authorization code not found. Try again.
?[0m?[0;34mTester: done request 2: Authorization code not found. Try again.
?[0m?[0;34mTester: done request 3: Got the code. Return back to your program.
code received
making http request for access_token...
---SUCCESS---
> categories
Top Lists
---PAGE 1 OF 3---
> next
2
1
3
Super Mood
---PAGE 2 OF 3---
> next
3
2
4
Party Time
---PAGE 3 OF 3---
> prev
Super Mood
---PAGE 2 OF 3---
> prev
Top Lists
---PAGE 1 OF 3---
?[1;31m
Start test 3?[0m
> auth
use this link to request the access code:
https://accounts.spotify.com/authorize?client_id=0beffa8a2eaa4f02994426961addd171&redirect_uri=http://localhost:8080&response_type=code
waiting for code...
?[0;34mTester: making requests to redirect uri: http://localhost:8080
?[0m?[0;34mTester: done request 1: Authorization code not found. Try again.
?[0m?[0;34mTester: done request 2: Authorization code not found. Try again.
?[0m?[0;34mTester: done request 3: Got the code. Return back to your program.
code received
making http request for access_token...
---SUCCESS---
> featured
Monday Morning Mood
http://open.spotify.com/user/spotify/playlist/6ftJBzU2LLQcaKefMi7ee7
---PAGE 1 OF 2---
> next
2
1
3
Upp och hoppa!
http://open.spotify.com/user/spotify__sverige/playlist/4uOEx4OUrkoGNZoIlWMUbO
---PAGE 2 OF 2---
> prev
Monday Morning Mood
http://open.spotify.com/user/spotify/playlist/6ftJBzU2LLQcaKefMi7ee7
---PAGE 1 OF 2---
> exit
?[1;31m
Start test 4?[0m
> auth
use this link to request the access code:
https://accounts.spotify.com/authorize?client_id=0beffa8a2eaa4f02994426961addd171&redirect_uri=http://localhost:8080&response_type=code
waiting for code...
?[0;34mTester: making requests to redirect uri: http://localhost:8080
?[0m?[0;34mTester: done request 1: Authorization code not found. Try again.
?[0m?[0;34mTester: done request 2: Authorization code not found. Try again.
?[0m?[0;34mTester: done request 3: Got the code. Return back to your program.
code received
making http request for access_token...
---SUCCESS---
> new
Runnin'
[Pharrell Williams]
https://open.spotify.com/album/5ZX4m5aVSmWQ5iHAPQpT71
---PAGE 1 OF 2---
> prev
No more pages.
> next
2
1
3
Sneakin'
[Drake2]
https://open.spotify.com/album/0geTzdk2InlqIoB16fW9Nd
---PAGE 2 OF 2---
> next
No more pages.
> prev
Runnin'
[Pharrell Williams]
https://open.spotify.com/album/5ZX4m5aVSmWQ5iHAPQpT71
---PAGE 1 OF 2---
> exit
> new
Runnin'
[Pharrell Williams]
https://open.spotify.com/album/5ZX4m5aVSmWQ5iHAPQpT71
---PAGE 1 OF 2---
> prev
No more pages.
> next
2
1
3
Sneakin'
[Drake2]
https://open.spotify.com/album/0geTzdk2InlqIoB16fW9Nd
---PAGE 2 OF 2---
> next
No more pages.
> prev
Runnin'
[Pharrell Williams]
https://open.spotify.com/album/5ZX4m5aVSmWQ5iHAPQpT71
---PAGE 1 OF 2---
> exit
?[1;31m
Start test 5?[0m
> auth
use this link to request the access code:
https://accounts.spotify.com/authorize?client_id=0beffa8a2eaa4f02994426961addd171&redirect_uri=http://localhost:8080&response_type=code
waiting for code...
?[0;34mTester: making requests to redirect uri: http://localhost:8080
?[0m?[0;34mTester: done request 1: Authorization code not found. Try again.
?[0m?[0;34mTester: done request 2: Authorization code not found. Try again.
?[0m?[0;34mTester: done request 3: Got the code. Return back to your program.
code received
making http request for access_token...
---SUCCESS---
> playlists Party Time
Noite Eletronica
http://open.spotify.com/user/spotifybrazilian/playlist/4k7EZPI3uKMz4aRRrLVfen
---PAGE 1 OF 2---
> next
2
1
3
Festa Indie
http://open.spotify.com/user/spotifybrazilian/playlist/4HZh0C9y80GzHDbHZyX770
---PAGE 2 OF 2---
> prev
Noite Eletronica
http://open.spotify.com/user/spotifybrazilian/playlist/4k7EZPI3uKMz4aRRrLVfen
---PAGE 1 OF 2---
> exit
]]></system-out>
  <system-err><![CDATA[]]></system-err>
</testsuite>
